[    0.000000] Initializing cgroup subsys cpuset
[    0.000000] Initializing cgroup subsys cpu
[    0.000000] Initializing cgroup subsys cpuacct
[    0.000000] Linux version 4.4.0-138-generic (buildd@lcy01-amd64-006) (gcc version 5.4.0 20160609 (Ubuntu 5.4.0-6ubuntu1~16.04.10) ) #164-Ubuntu SMP Tue Oct 2 17:16:02 UTC 2018 (Ubuntu 4.4.0-138.164-generic 4.4.155)
[    0.000000] Command line: BOOT_IMAGE=/boot/vmlinuz-4.4.0-138-generic root=LABEL=cloudimg-rootfs ro console=tty1 console=ttyS0
[    0.000000] KERNEL supported cpus:
[    0.000000]   Intel GenuineIntel
[    0.000000]   AMD AuthenticAMD
[    0.000000]   Centaur CentaurHauls
[    0.000000] x86/fpu: xstate_offset[2]:  576, xstate_sizes[2]:  256
[    0.000000] x86/fpu: Supporting XSAVE feature 0x01: 'x87 floating point registers'
[    0.000000] x86/fpu: Supporting XSAVE feature 0x02: 'SSE registers'
[    0.000000] x86/fpu: Supporting XSAVE feature 0x04: 'AVX registers'
[    0.000000] x86/fpu: Enabled xstate features 0x7, context size is 832 bytes, using 'standard' format.
[    0.000000] e820: BIOS-provided physical RAM map:
[    0.000000] BIOS-e820: [mem 0x0000000000000000-0x000000000009fbff] usable
[    0.000000] BIOS-e820: [mem 0x000000000009fc00-0x000000000009ffff] reserved
[    0.000000] BIOS-e820: [mem 0x00000000000f0000-0x00000000000fffff] reserved
[    0.000000] BIOS-e820: [mem 0x0000000000100000-0x00000000dffeffff] usable
[    0.000000] BIOS-e820: [mem 0x00000000dfff0000-0x00000000dfffffff] ACPI data
[    0.000000] BIOS-e820: [mem 0x00000000fec00000-0x00000000fec00fff] reserved
[    0.000000] BIOS-e820: [mem 0x00000000fee00000-0x00000000fee00fff] reserved
[    0.000000] BIOS-e820: [mem 0x00000000fffc0000-0x00000000ffffffff] reserved
[    0.000000] BIOS-e820: [mem 0x0000000100000000-0x000000011fffffff] usable
[    0.000000] NX (Execute Disable) protection: active
[    0.000000] SMBIOS 2.5 present.
[    0.000000] Hypervisor detected: KVM
[    0.000000] e820: last_pfn = 0x120000 max_arch_pfn = 0x400000000
[    0.000000] MTRR: Disabled
[    0.000000] x86/PAT: MTRRs disabled, skipping PAT initialization too.
[    0.000000] CPU MTRRs all blank - virtualized system.
[    0.000000] x86/PAT: Configuration [0-7]: WB  WT  UC- UC  WB  WT  UC- UC  
[    0.000000] e820: last_pfn = 0xdfff0 max_arch_pfn = 0x400000000
[    0.000000] found SMP MP-table at [mem 0x0009fff0-0x0009ffff] mapped at [ffff88000009fff0]
[    0.000000] Scanning 1 areas for low memory corruption
[    0.000000] RAMDISK: [mem 0x3630c000-0x3717dfff]
[    0.000000] ACPI: Early table checksum verification disabled
[    0.000000] ACPI: RSDP 0x00000000000E0000 000024 (v02 VBOX  )
[    0.000000] ACPI: XSDT 0x00000000DFFF0030 00003C (v01 VBOX   VBOXXSDT 00000001 ASL  00000061)
[    0.000000] ACPI: FACP 0x00000000DFFF00F0 0000F4 (v04 VBOX   VBOXFACP 00000001 ASL  00000061)
[    0.000000] ACPI: DSDT 0x00000000DFFF0470 0022EA (v02 VBOX   VBOXBIOS 00000002 INTL 20100528)
[    0.000000] ACPI: FACS 0x00000000DFFF0200 000040
[    0.000000] ACPI: FACS 0x00000000DFFF0200 000040
[    0.000000] ACPI: APIC 0x00000000DFFF0240 00005C (v02 VBOX   VBOXAPIC 00000001 ASL  00000061)
[    0.000000] ACPI: SSDT 0x00000000DFFF02A0 0001CC (v01 VBOX   VBOXCPUT 00000002 INTL 20100528)
[    0.000000] No NUMA configuration found
[    0.000000] Faking a node at [mem 0x0000000000000000-0x000000011fffffff]
[    0.000000] NODE_DATA(0) allocated [mem 0x11fff7000-0x11fffbfff]
[    0.000000] kvm-clock: Using msrs 4b564d01 and 4b564d00
[    0.000000] kvm-clock: cpu 0, msr 1:1ffef001, primary cpu clock
[    0.000000] kvm-clock: using sched offset of 3370420322 cycles
[    0.000000] clocksource: kvm-clock: mask: 0xffffffffffffffff max_cycles: 0x1cd42e4dffb, max_idle_ns: 881590591483 ns
[    0.000000] Zone ranges:
[    0.000000]   DMA      [mem 0x0000000000001000-0x0000000000ffffff]
[    0.000000]   DMA32    [mem 0x0000000001000000-0x00000000ffffffff]
[    0.000000]   Normal   [mem 0x0000000100000000-0x000000011fffffff]
[    0.000000]   Device   empty
[    0.000000] Movable zone start for each node
[    0.000000] Early memory node ranges
[    0.000000]   node   0: [mem 0x0000000000001000-0x000000000009efff]
[    0.000000]   node   0: [mem 0x0000000000100000-0x00000000dffeffff]
[    0.000000]   node   0: [mem 0x0000000100000000-0x000000011fffffff]
[    0.000000] Initmem setup node 0 [mem 0x0000000000001000-0x000000011fffffff]
[    0.000000] ACPI: PM-Timer IO Port: 0x4008
[    0.000000] IOAPIC[0]: apic_id 2, version 32, address 0xfec00000, GSI 0-23
[    0.000000] ACPI: INT_SRC_OVR (bus 0 bus_irq 0 global_irq 2 dfl dfl)
[    0.000000] ACPI: INT_SRC_OVR (bus 0 bus_irq 9 global_irq 9 low level)
[    0.000000] Using ACPI (MADT) for SMP configuration information
[    0.000000] smpboot: Allowing 2 CPUs, 0 hotplug CPUs
[    0.000000] PM: Registered nosave memory: [mem 0x00000000-0x00000fff]
[    0.000000] PM: Registered nosave memory: [mem 0x0009f000-0x0009ffff]
[    0.000000] PM: Registered nosave memory: [mem 0x000a0000-0x000effff]
[    0.000000] PM: Registered nosave memory: [mem 0x000f0000-0x000fffff]
[    0.000000] PM: Registered nosave memory: [mem 0xdfff0000-0xdfffffff]
[    0.000000] PM: Registered nosave memory: [mem 0xe0000000-0xfebfffff]
[    0.000000] PM: Registered nosave memory: [mem 0xfec00000-0xfec00fff]
[    0.000000] PM: Registered nosave memory: [mem 0xfec01000-0xfedfffff]
[    0.000000] PM: Registered nosave memory: [mem 0xfee00000-0xfee00fff]
[    0.000000] PM: Registered nosave memory: [mem 0xfee01000-0xfffbffff]
[    0.000000] PM: Registered nosave memory: [mem 0xfffc0000-0xffffffff]
[    0.000000] e820: [mem 0xe0000000-0xfebfffff] available for PCI devices
[    0.000000] Booting paravirtualized kernel on KVM
[    0.000000] clocksource: refined-jiffies: mask: 0xffffffff max_cycles: 0xffffffff, max_idle_ns: 7645519600211568 ns
[    0.000000] setup_percpu: NR_CPUS:512 nr_cpumask_bits:512 nr_cpu_ids:2 nr_node_ids:1
[    0.000000] PERCPU: Embedded 34 pages/cpu @ffff88011fc00000 s99608 r8192 d31464 u1048576
[    0.000000] PV qspinlock hash table entries: 256 (order: 0, 4096 bytes)
[    0.000000] Built 1 zonelists in Node order, mobility grouping on.  Total pages: 1032056
[    0.000000] Policy zone: Normal
[    0.000000] Kernel command line: BOOT_IMAGE=/boot/vmlinuz-4.4.0-138-generic root=LABEL=cloudimg-rootfs ro console=tty1 console=ttyS0
[    0.000000] PID hash table entries: 4096 (order: 3, 32768 bytes)
[    0.000000] Memory: 4028224K/4193848K available (8563K kernel code, 1314K rwdata, 4004K rodata, 1528K init, 1316K bss, 165624K reserved, 0K cma-reserved)
[    0.000000] SLUB: HWalign=64, Order=0-3, MinObjects=0, CPUs=2, Nodes=1
[    0.000000] Kernel/User page tables isolation: enabled
[    0.000000] Hierarchical RCU implementation.
[    0.000000] 	Build-time adjustment of leaf fanout to 64.
[    0.000000] 	RCU restricting CPUs from NR_CPUS=512 to nr_cpu_ids=2.
[    0.000000] RCU: Adjusting geometry for rcu_fanout_leaf=64, nr_cpu_ids=2
[    0.000000] NR_IRQS:33024 nr_irqs:440 16
[    0.000000] Console: colour VGA+ 80x25
[    0.000000] console [tty1] enabled
[    0.000000] console [ttyS0] enabled
[    0.000000] tsc: Detected 2208.000 MHz processor
[    0.262114] Calibrating delay loop (skipped) preset value.. 4416.00 BogoMIPS (lpj=8832000)
[    0.263960] pid_max: default: 32768 minimum: 301
[    0.264952] ACPI: Core revision 20150930
[    0.266538] ACPI: 2 ACPI AML tables successfully acquired and loaded
[    0.267925] Security Framework initialized
[    0.268841] Yama: becoming mindful.
[    0.269667] AppArmor: AppArmor initialized
[    0.272025] Dentry cache hash table entries: 524288 (order: 10, 4194304 bytes)
[    0.276543] Inode-cache hash table entries: 262144 (order: 9, 2097152 bytes)
[    0.278628] Mount-cache hash table entries: 8192 (order: 4, 65536 bytes)
[    0.279975] Mountpoint-cache hash table entries: 8192 (order: 4, 65536 bytes)
[    0.282715] Initializing cgroup subsys io
[    0.283601] Initializing cgroup subsys memory
[    0.284554] Initializing cgroup subsys devices
[    0.285580] Initializing cgroup subsys freezer
[    0.286654] Initializing cgroup subsys net_cls
[    0.287600] Initializing cgroup subsys perf_event
[    0.289069] Initializing cgroup subsys net_prio
[    0.290046] Initializing cgroup subsys hugetlb
[    0.290998] Initializing cgroup subsys pids
[    0.292976] mce: CPU supports 0 MCE banks
[    0.293881] Last level iTLB entries: 4KB 64, 2MB 8, 4MB 8
[    0.295123] Last level dTLB entries: 4KB 64, 2MB 0, 4MB 0, 1GB 4
[    0.296339] Spectre V2 : Mitigation: Full generic retpoline
[    0.297520] Spectre V2 : Spectre v2 mitigation: Speculation control IBPB not-supported IBRS not-supported
[    0.299699] Spectre V2 : Spectre v2 / SpectreRSB mitigation: Filling RSB on context switch
[    0.301699] Speculative Store Bypass: Vulnerable
[    0.305224] Freeing SMP alternatives memory: 32K
[    0.313916] ftrace: allocating 32278 entries in 127 pages
[    0.361209] smpboot: APIC(0) Converting physical 0 to logical package 0
[    0.363042] smpboot: Max logical packages: 1
[    0.364154] x2apic enabled
[    0.365005] Switched APIC routing to physical x2apic.
[    0.366963] ..TIMER: vector=0x30 apic1=0 pin1=2 apic2=-1 pin2=-1
[    0.473281] smpboot: CPU0: Intel(R) Core(TM) i7-8750H CPU @ 2.20GHz (family: 0x6, model: 0x9e, stepping: 0xa)
[    0.476597] Performance Events: unsupported p6 CPU model 158 no PMU driver, software events only.
[    0.479651] KVM setup paravirtual spinlock
[    0.481591] x86: Booting SMP configuration:
[    0.482942] .... node  #0, CPUs:      #1
[    0.484427] kvm-clock: cpu 1, msr 1:1ffef041, secondary cpu clock
[    0.487006] mce: CPU supports 0 MCE banks
[    0.490174] x86: Booted up 1 node, 2 CPUs
[    0.491751] smpboot: Total of 2 processors activated (8832.00 BogoMIPS)
[    0.494081] devtmpfs: initialized
[    0.497151] evm: security.selinux
[    0.498242] evm: security.SMACK64
[    0.499313] evm: security.SMACK64EXEC
[    0.500374] evm: security.SMACK64TRANSMUTE
[    0.501462] evm: security.SMACK64MMAP
[    0.502461] evm: security.ima
[    0.503287] evm: security.capability
[    0.504568] clocksource: jiffies: mask: 0xffffffff max_cycles: 0xffffffff, max_idle_ns: 7645041785100000 ns
[    0.507078] futex hash table entries: 512 (order: 3, 32768 bytes)
[    0.508649] pinctrl core: initialized pinctrl subsystem
[    0.510018] RTC time:  2:20:00, date: 07/10/19
[    0.511277] NET: Registered protocol family 16
[    0.522122] cpuidle: using governor ladder
[    0.534924] cpuidle: using governor menu
[    0.536879] PCCT header not found.
[    0.537864] ACPI: bus type PCI registered
[    0.538976] acpiphp: ACPI Hot Plug PCI Controller Driver version: 0.5
[    0.540674] PCI: Using configuration type 1 for base access
[    0.561179] ACPI: Added _OSI(Module Device)
[    0.563082] ACPI: Added _OSI(Processor Device)
[    0.564787] ACPI: Added _OSI(3.0 _SCP Extensions)
[    0.566263] ACPI: Added _OSI(Processor Aggregator Device)
[    0.568910] ACPI: Executed 1 blocks of module-level executable AML code
[    0.572525] ACPI: Interpreter enabled
[    0.573532] ACPI: (supports S0 S5)
[    0.574479] ACPI: Using IOAPIC for interrupt routing
[    0.576043] PCI: Using host bridge windows from ACPI; if necessary, use "pci=nocrs" and report a bug
[    0.582587] ACPI: PCI Root Bridge [PCI0] (domain 0000 [bus 00-ff])
[    0.584627] acpi PNP0A03:00: _OSC: OS supports [ASPM ClockPM Segments MSI]
[    0.586871] acpi PNP0A03:00: _OSC: not requesting OS control; OS requires [ExtendedConfig ASPM ClockPM MSI]
[    0.589531] acpi PNP0A03:00: fail to add MMCONFIG information, can't access extended PCI configuration space under this bridge.
[    0.593282] PCI host bridge to bus 0000:00
[    0.601971] pci_bus 0000:00: root bus resource [io  0x0000-0x0cf7 window]
[    0.603765] pci_bus 0000:00: root bus resource [io  0x0d00-0xffff window]
[    0.605184] pci_bus 0000:00: root bus resource [mem 0x000a0000-0x000bffff window]
[    0.606866] pci_bus 0000:00: root bus resource [mem 0xe0000000-0xfdffffff window]
[    0.608967] pci_bus 0000:00: root bus resource [bus 00-ff]
[    0.612629] pci 0000:00:01.1: legacy IDE quirk: reg 0x10: [io  0x01f0-0x01f7]
[    0.614513] pci 0000:00:01.1: legacy IDE quirk: reg 0x14: [io  0x03f6]
[    0.615862] pci 0000:00:01.1: legacy IDE quirk: reg 0x18: [io  0x0170-0x0177]
[    0.617292] pci 0000:00:01.1: legacy IDE quirk: reg 0x1c: [io  0x0376]
[    0.650460] pci 0000:00:07.0: quirk: [io  0x4000-0x403f] claimed by PIIX4 ACPI
[    0.652524] pci 0000:00:07.0: quirk: [io  0x4100-0x410f] claimed by PIIX4 SMB
[    0.664801] ACPI: PCI Interrupt Link [LNKA] (IRQs 5 9 10 *11)
[    0.667186] ACPI: PCI Interrupt Link [LNKB] (IRQs 5 9 *10 11)
[    0.669538] ACPI: PCI Interrupt Link [LNKC] (IRQs 5 *9 10 11)
[    0.671786] ACPI: PCI Interrupt Link [LNKD] (IRQs 5 9 10 *11)
[    0.673770] ACPI: Enabled 2 GPEs in block 00 to 07
[    0.675085] vgaarb: setting as boot device: PCI:0000:00:02.0
[    0.676358] vgaarb: device added: PCI:0000:00:02.0,decodes=io+mem,owns=io+mem,locks=none
[    0.678359] vgaarb: loaded
[    0.679041] vgaarb: bridge control possible 0000:00:02.0
[    0.680649] SCSI subsystem initialized
[    0.681571] ACPI: bus type USB registered
[    0.682449] usbcore: registered new interface driver usbfs
[    0.683567] usbcore: registered new interface driver hub
[    0.684707] usbcore: registered new device driver usb
[    0.686172] PCI: Using ACPI for IRQ routing
[    0.687558] NetLabel: Initializing
[    0.688761] NetLabel:  domain hash size = 128
[    0.689937] NetLabel:  protocols = UNLABELED CIPSOv4
[    0.690964] NetLabel:  unlabeled traffic allowed by default
[    0.692352] amd_nb: Cannot enumerate AMD northbridges
[    0.693786] clocksource: Switched to clocksource kvm-clock
[    0.702205] AppArmor: AppArmor Filesystem Enabled
[    0.703766] pnp: PnP ACPI init
[    0.705436] pnp: PnP ACPI: found 3 devices
[    0.714656] clocksource: acpi_pm: mask: 0xffffff max_cycles: 0xffffff, max_idle_ns: 2085701024 ns
[    0.716918] NET: Registered protocol family 2
[    0.718450] TCP established hash table entries: 32768 (order: 6, 262144 bytes)
[    0.720036] TCP bind hash table entries: 32768 (order: 7, 524288 bytes)
[    0.722479] TCP: Hash tables configured (established 32768 bind 32768)
[    0.723814] UDP hash table entries: 2048 (order: 4, 65536 bytes)
[    0.725019] UDP-Lite hash table entries: 2048 (order: 4, 65536 bytes)
[    0.726335] NET: Registered protocol family 1
[    0.727258] pci 0000:00:00.0: Limiting direct PCI/PCI transfers
[    0.728465] pci 0000:00:01.0: Activating ISA DMA hang workarounds
[    0.729809] Unpacking initramfs...
[    0.899386] Freeing initrd memory: 14792K
[    0.900723] PCI-DMA: Using software bounce buffering for IO (SWIOTLB)
[    0.902087] software IO TLB [mem 0xdbff0000-0xdfff0000] (64MB) mapped at [ffff8800dbff0000-ffff8800dffeffff]
[    0.904262] platform rtc_cmos: registered platform RTC device (no PNP device found)
[    0.906008] Scanning for low memory corruption every 60 seconds
[    0.907653] audit: initializing netlink subsys (disabled)
[    0.909096] audit: type=2000 audit(1562725206.317:1): initialized
[    0.910566] Initialise system trusted keyring
[    0.911680] HugeTLB registered 2 MB page size, pre-allocated 0 pages
[    0.913950] zbud: loaded
[    0.915154] VFS: Disk quotas dquot_6.6.0
[    0.916361] VFS: Dquot-cache hash table entries: 512 (order 0, 4096 bytes)
[    0.917891] squashfs: version 4.0 (2009/01/31) Phillip Lougher
[    0.919346] fuse init (API version 7.23)
[    0.920639] Key type big_key registered
[    0.921624] Allocating IMA MOK and blacklist keyrings.
[    0.923880] Key type asymmetric registered
[    0.924778] Asymmetric key parser 'x509' registered
[    0.925824] Block layer SCSI generic (bsg) driver version 0.4 loaded (major 249)
[    0.927494] io scheduler noop registered
[    0.928378] io scheduler deadline registered (default)
[    0.929458] io scheduler cfq registered
[    0.930449] pci_hotplug: PCI Hot Plug PCI Core version: 0.5
[    0.931597] pciehp: PCI Express Hot Plug Controller Driver version: 0.4
[    0.933145] ACPI: AC Adapter [AC] (on-line)
[    0.934630] input: Power Button as /devices/LNXSYSTM:00/LNXPWRBN:00/input/input0
[    0.936605] ACPI: Power Button [PWRF]
[    0.938039] input: Sleep Button as /devices/LNXSYSTM:00/LNXSLPBN:00/input/input1
[    0.939901] ACPI: Sleep Button [SLPF]
[    0.941862] ACPI: Battery Slot [BAT0] (battery present)
[    0.941929] GHES: HEST is not enabled!
[    0.944267] Serial: 8250/16550 driver, 32 ports, IRQ sharing enabled
[    0.966133] 00:02: ttyS0 at I/O 0x3f8 (irq = 4, base_baud = 115200) is a 16550A
[    0.970808] Linux agpgart interface v0.103
[    0.973281] loop: module loaded
[    0.974467] scsi host0: ata_piix
[    0.975298] scsi host1: ata_piix
[    0.976069] ata1: PATA max UDMA/33 cmd 0x1f0 ctl 0x3f6 bmdma 0xd000 irq 14
[    0.977464] ata2: PATA max UDMA/33 cmd 0x170 ctl 0x376 bmdma 0xd008 irq 15
[    0.978978] libphy: Fixed MDIO Bus: probed
[    0.980345] tun: Universal TUN/TAP device driver, 1.6
[    0.981571] tun: (C) 1999-2004 Max Krasnyansky <maxk@qualcomm.com>
[    0.983016] PPP generic driver version 2.4.2
[    0.984027] ehci_hcd: USB 2.0 'Enhanced' Host Controller (EHCI) Driver
[    0.985358] ehci-pci: EHCI PCI platform driver
[    0.986600] ehci-platform: EHCI generic platform driver
[    0.987709] ohci_hcd: USB 1.1 'Open' Host Controller (OHCI) Driver
[    0.989067] ohci-pci: OHCI PCI platform driver
[    0.990443] ohci-platform: OHCI generic platform driver
[    0.991558] uhci_hcd: USB Universal Host Controller Interface driver
[    0.992903] i8042: PNP: PS/2 Controller [PNP0303:PS2K,PNP0f03:PS2M] at 0x60,0x64 irq 1,12
[    0.995086] serio: i8042 KBD port at 0x60,0x64 irq 1
[    0.996154] serio: i8042 AUX port at 0x60,0x64 irq 12
[    0.997422] mousedev: PS/2 mouse device common for all mice
[    0.999635] input: AT Translated Set 2 keyboard as /devices/platform/i8042/serio0/input/input2
[    1.001932] rtc_cmos rtc_cmos: rtc core: registered rtc_cmos as rtc0
[    1.003298] rtc_cmos rtc_cmos: alarms up to one day, 114 bytes nvram
[    1.004552] i2c /dev entries driver
[    1.005359] device-mapper: uevent: version 1.0.3
[    1.006452] device-mapper: ioctl: 4.34.0-ioctl (2015-10-28) initialised: dm-devel@redhat.com
[    1.008355] ledtrig-cpu: registered to indicate activity on CPUs
[    1.010144] NET: Registered protocol family 10
[    1.011560] NET: Registered protocol family 17
[    1.012532] Key type dns_resolver registered
[    1.013766] registered taskstats version 1
[    1.014728] Loading compiled-in X.509 certificates
[    1.016200] Loaded X.509 cert 'Build time autogenerated kernel key: 9a104bc44b81e9426fe5c715e47d021d02d69eba'
[    1.019076] zswap: loaded using pool lzo/zbud
[    1.021802] Key type trusted registered
[    1.025357] Key type encrypted registered
[    1.026425] AppArmor: AppArmor sha1 policy hashing enabled
[    1.027917] ima: No TPM chip found, activating TPM-bypass!
[    1.029042] ima: Allocated hash algorithm: sha1
[    1.030010] evm: HMAC attrs: 0x1
[    1.031366]   Magic number: 11:237:308
[    1.032499] tty tty37: hash matches
[    1.033695] rtc_cmos rtc_cmos: setting system clock to 2019-07-10 02:20:01 UTC (1562725201)
[    1.036122] BIOS EDD facility v0.16 2004-Jun-25, 0 devices found
[    1.038148] EDD information not available.
[    1.137689] Freeing unused kernel memory: 1528K
[    1.139434] Write protecting the kernel read-only data: 14336k
[    1.141406] Freeing unused kernel memory: 1664K
[    1.142888] Freeing unused kernel memory: 92K
Loading, please wait...
starting version 229
[    1.157238] random: systemd-udevd: uninitialized urandom read (16 bytes read, 3 bits of entropy available)
[    1.157782] random: udevadm: uninitialized urandom read (16 bytes read, 3 bits of entropy available)
[    1.157798] random: udevadm: uninitialized urandom read (16 bytes read, 3 bits of entropy available)
[    1.164083] random: udevadm: uninitialized urandom read (16 bytes read, 3 bits of entropy available)
[    1.164117] random: udevadm: uninitialized urandom read (16 bytes read, 3 bits of entropy available)
[    1.164225] random: udevadm: uninitialized urandom read (16 bytes read, 3 bits of entropy available)
[    1.164264] random: udevadm: uninitialized urandom read (16 bytes read, 3 bits of entropy available)
[    1.164301] random: udevadm: uninitialized urandom read (16 bytes read, 3 bits of entropy available)
[    1.164339] random: udevadm: uninitialized urandom read (16 bytes read, 3 bits of entropy available)
[    1.164377] random: udevadm: uninitialized urandom read (16 bytes read, 3 bits of entropy available)
[    1.200918] Fusion MPT base driver 3.04.20
[    1.202296] Copyright (c) 1999-2008 LSI Corporation
[    1.211501] e1000: Intel(R) PRO/1000 Network Driver - version 7.3.21-k8-NAPI
[    1.213358] e1000: Copyright (c) 1999-2006 Intel Corporation.
[    1.220018] Fusion MPT SPI Host driver 3.04.20
[    1.223584] AVX2 version of gcm_enc/dec engaged.
[    1.224725] AES CTR mode by8 optimization enabled
[    1.226646] mptbase: ioc0: Initiating bringup
[    1.290800] ioc0: LSI53C1030 A0: Capabilities={Initiator}
[    1.415415] input: ImExPS/2 Generic Explorer Mouse as /devices/platform/i8042/serio1/input/input4
[    1.466117] scsi host2: ioc0: LSI53C1030 A0, FwRev=00000000h, Ports=1, MaxQ=256, IRQ=20
[    1.580688] scsi 2:0:0:0: Direct-Access     VBOX     HARDDISK         1.0  PQ: 0 ANSI: 5
[    1.594506] scsi target2:0:0: Beginning Domain Validation
[    1.597784] scsi target2:0:0: Domain Validation skipping write tests
[    1.599559] scsi target2:0:0: Ending Domain Validation
[    1.601013] scsi target2:0:0: asynchronous
[    1.602730] scsi 2:0:1:0: Direct-Access     VBOX     HARDDISK         1.0  PQ: 0 ANSI: 5
[    1.604928] scsi target2:0:1: Beginning Domain Validation
[    1.612175] scsi target2:0:1: Domain Validation skipping write tests
[    1.614418] scsi target2:0:1: Ending Domain Validation
[    1.615969] scsi target2:0:1: asynchronous
[    1.634637] sd 2:0:0:0: Attached scsi generic sg0 type 0
[    1.636474] sd 2:0:0:0: [sda] 20971520 512-byte logical blocks: (10.7 GB/10.0 GiB)
[    1.638702] sd 2:0:1:0: [sdb] 20480 512-byte logical blocks: (10.5 MB/10.0 MiB)
[    1.640412] sd 2:0:1:0: Attached scsi generic sg1 type 0
[    1.642440] sd 2:0:1:0: [sdb] Write Protect is off
[    1.643793] sd 2:0:0:0: [sda] Write Protect is off
[    1.645017] sd 2:0:0:0: [sda] Incomplete mode parameter data
[    1.646262] sd 2:0:0:0: [sda] Assuming drive cache: write through
[    1.647575] sd 2:0:1:0: [sdb] Incomplete mode parameter data
[    1.648832] sd 2:0:1:0: [sdb] Assuming drive cache: write through
[    1.651457]  sda: sda1
[    1.653284] sd 2:0:0:0: [sda] Attached SCSI disk
[    1.655049] sd 2:0:1:0: [sdb] Attached SCSI disk
[    1.902862] tsc: Refined TSC clocksource calibration: 2209.584 MHz
[    1.904720] clocksource: tsc: mask: 0xffffffffffffffff max_cycles: 0x1fd99062525, max_idle_ns: 440795237384 ns
[    1.965013] e1000 0000:00:03.0 eth0: (PCI:33MHz:32-bit) 02:33:70:c2:c2:dc
[    1.967064] e1000 0000:00:03.0 eth0: Intel(R) PRO/1000 Network Connection
[    1.969493] e1000 0000:00:03.0 enp0s3: renamed from eth0
Begin: Loading essential drivers ... [    3.250689] md: linear personality registered for level -1
[    3.254438] md: multipath personality registered for level -4
[    3.258154] md: raid0 personality registered for level 0
[    3.261995] md: raid1 personality registered for level 1
[    3.333978] raid6: sse2x1   gen() 13462 MB/s
[    3.402080] raid6: sse2x1   xor()  9626 MB/s
[    3.469946] raid6: sse2x2   gen() 16418 MB/s
[    3.538053] raid6: sse2x2   xor() 10733 MB/s
[    3.605998] raid6: sse2x4   gen() 17332 MB/s
[    3.674157] raid6: sse2x4   xor() 13228 MB/s
[    3.742009] raid6: avx2x1   gen() 27452 MB/s
[    3.810158] raid6: avx2x2   gen() 30938 MB/s
[    3.878026] raid6: avx2x4   gen() 34520 MB/s
[    3.879325] raid6: using algorithm avx2x4 gen() 34520 MB/s
[    3.880440] raid6: using avx2x2 recovery algorithm
[    3.882700] xor: automatically using best checksumming function:
[    3.926084]    avx       : 61314.000 MB/sec
[    3.928389] async_tx: api initialized (async)
[    3.934971] md: raid6 personality registered for level 6
[    3.936490] md: raid5 personality registered for level 5
[    3.937660] md: raid4 personality registered for level 4
[    3.943359] md: raid10 personality registered for level 10
done.
Begin: Running /scripts/init-premount ... done.
Begin: Mounting root file system ... Begin: Running /scripts/local-top ... done.
Begin: Running /scripts/local-premount ... [    3.966851] Btrfs loaded
Scanning for Btrfs filesystems
done.
Warning: fsck not present, so skipping root file system
[    3.983824] EXT4-fs (sda1): mounted filesystem with ordered data mode. Opts: (null)
done.
Begin: Running /scripts/local-bottom ... done.
Begin: Running /scripts/init-bottom ... done.
[    4.031163] systemd[1]: systemd 229 running in system mode. (+PAM +AUDIT +SELINUX +IMA +APPARMOR +SMACK +SYSVINIT +UTMP +LIBCRYPTSETUP +GCRYPT +GNUTLS +ACL +XZ -LZ4 +SECCOMP +BLKID +ELFUTILS +KMOD -IDN)
[    4.034927] systemd[1]: Detected virtualization oracle.
[    4.036038] systemd[1]: Detected architecture x86-64.

Welcome to [1mUbuntu 16.04.5 LTS[0m!

[    4.039054] systemd[1]: Set hostname to <ubuntu>.
[    4.040822] systemd[1]: Initializing machine ID from random generator.
[    4.042221] systemd[1]: Installed transient /etc/machine-id file.
[    4.120205] systemd[1]: Started Forward Password Requests to Wall Directory Watch.
[[0;32m  OK  [0m] Started Forward Password Requests to Wall Directory Watch.
[    4.123112] systemd[1]: Reached target Encrypted Volumes.
[[0;32m  OK  [0m] Reached target Encrypted Volumes.
[    4.125440] systemd[1]: Listening on udev Kernel Socket.
[[0;32m  OK  [0m] Listening on udev Kernel Socket.
[    4.127811] systemd[1]: Listening on Journal Socket (/dev/log).
[[0;32m  OK  [0m] Listening on Journal Socket (/dev/log).
[    4.130366] systemd[1]: Listening on Device-mapper event daemon FIFOs.
[[0;32m  OK  [0m] Listening on Device-mapper event daemon FIFOs.
[    4.132973] systemd[1]: Listening on udev Control Socket.
[[0;32m  OK  [0m] Listening on udev Control Socket.
[    4.135270] systemd[1]: Listening on Syslog Socket.
[[0;32m  OK  [0m] Listening on Syslog Socket.
[    4.137351] systemd[1]: Listening on /dev/initctl Compatibility Named Pipe.
[[0;32m  OK  [0m] Listening on /dev/initctl Compatibility Named Pipe.
[    4.140415] systemd[1]: Created slice System Slice.
[[0;32m  OK  [0m] Created slice System Slice.
[    4.142483] systemd[1]: Reached target Swap.
[[0;32m  OK  [0m] Reached target Swap.
[    4.144491] systemd[1]: Created slice User and Session Slice.
[[0;32m  OK  [0m] Created slice User and Session Slice.
[    4.146907] systemd[1]: Listening on LVM2 metadata daemon socket.
[[0;32m  OK  [0m] Listening on LVM2 metadata daemon socket.
[    4.149361] systemd[1]: Started Trigger resolvconf update for networkd DNS.
[[0;32m  OK  [0m] Started Trigger resolvconf update for networkd DNS.
[    4.152153] systemd[1]: Reached target System Time Synchronized.
[[0;32m  OK  [0m] Reached target System Time Synchronized.
[    4.154581] systemd[1]: Reached target Slices.
[[0;32m  OK  [0m] Reached target Slices.
[    4.156617] systemd[1]: Listening on LVM2 poll daemon socket.
[[0;32m  OK  [0m] Listening on LVM2 poll daemon socket.
[    4.159200] systemd[1]: Reached target User and Group Name Lookups.
[[0;32m  OK  [0m] Reached target User and Group Name Lookups.
[    4.162228] systemd[1]: Created slice system-serial\x2dgetty.slice.
[[0;32m  OK  [0m] Created slice system-serial\x2dgetty.slice.
[    4.170465] systemd[1]: Listening on Journal Socket.
[[0;32m  OK  [0m] Listening on Journal Socket.
[    4.190751] systemd[1]: Starting Set console keymap...
         Starting Set console keymap...
[    4.196567] systemd[1]: Mounting Huge Pages File System...
         Mounting Huge Pages File System...
[    4.200660] systemd[1]: Starting Create list of required static device nodes for the current kernel...
         Starting Create list of required st... nodes for the current kernel...
[    4.210796] systemd[1]: Mounting POSIX Message Queue File System...
         Mounting POSIX Message Queue File System...
[    4.214932] systemd[1]: Starting Monitoring of LVM2 mirrors, snapshots etc. using dmeventd or progress polling...
         Starting Monitoring of LVM2 mirrors... dmeventd or progress polling...
[    4.219670] systemd[1]: Starting Uncomplicated firewall...
         Starting Uncomplicated firewall...
[    4.224222] systemd[1]: Starting Nameserver information manager...
         Starting Nameserver information manager...
[    4.228329] systemd[1]: Starting Load Kernel Modules...
         Starting Load Kernel Modules...
[    4.231573] systemd[1]: Mounting Debug File System...
         Mounting Debug File System...
[    4.234667] systemd[1]: Starting Remount Root and Kernel File Systems...
         Starting Remount Root and Kernel File Systems...
[    4.237382] systemd[1]: Set up automount Arbitrary Executable File Formats File System Automount Point.
[[0;32m  OK  [0m] Set up automount Arbitrary Executab...ats File System Automount Point.
[    4.243085] EXT4-fs (sda1): re-mounted. Opts: (null)
[    4.243093] systemd[1]: Listening on Journal Audit Socket.
[[0;32m  OK  [0m] Listening on Journal Audit Socket.
[    4.246858] systemd[1]: Starting Journal Service...
[    4.247276] Loading iSCSI transport class v2.0-870.
         Starting Journal Service...
[    4.256725] iscsi: registered transport (tcp)
[    4.259244] systemd[1]: Mounted POSIX Message Queue File System.
[[0;32m  OK  [0m] Mounted POSIX Message Queue File System.
[    4.261699] systemd[1]: Mounted Huge Pages File System.
[[0;32m  OK  [0m] Mounted Huge Pages File System.
[    4.270120] systemd[1]: Mounted Debug File System.
[[0;32m  OK  [0m] Mounted Debug File System.
[    4.272469] systemd[1]: Started Journal Service.
[[0;32m  OK  [0m] Started Journal Service.
[[0;32m  OK  [0m] Started Set console keymap.
[[0;32m  OK  [0m] Started Create list of required sta...ce nodes for the current kernel.
[[0;32m  OK  [0m] Started Uncomplicated firewall.
[    4.280060] iscsi: registered transport (iser)
[[0;32m  OK  [0m] Started Load Kernel Modules.
[[0;32m  OK  [0m] Started Remount Root and Kernel File Systems.
[[0;32m  OK  [0m] Started Nameserver information manager.
[[0;32m  OK  [0m] Started LVM2 metadata daemon.
         Starting udev Coldplug all Devices...
         Starting Load/Save Random Seed...
         Mounting FUSE Control File System...
         Starting Apply Kernel Variables...
         Starting Create Static Device Nodes in /dev...
         Starting Flush Journal to Persistent Storage...
[[0;32m  OK  [0m] Started Load/Save Random Seed.
[[0;32m  OK  [0m] Mounted FUSE Control File System.
[[0;32m  OK  [0m] Started Apply Kernel Variables.
[[0;32m  OK  [0m] Started Create Static Device Nodes in /dev.
[[0;32m  OK  [0m] Started Flush Journal to Persistent Storage.
         Starting udev Kernel Device Manager...
[[0;32m  OK  [0m] Started udev Kernel Device Manager.
[[0;32m  OK  [0m] Started udev Coldplug all Devices.
[[0;32m  OK  [0m] Started Dispatch Password Requests to Console Directory Watch.
[[0;32m  OK  [0m] Found device /dev/ttyS0.
[[0;32m  OK  [0m] Listening on Load/Save RF Kill Switch Status /dev/rfkill Watch.
[[0;32m  OK  [0m] Started Monitoring of LVM2 mirrors,...ng dmeventd or progress polling.
[[0;32m  OK  [0m] Reached target Local File Systems (Pre).
[[0;32m  OK  [0m] Reached target Local File Systems.
         Starting Initial cloud-init job (pre-networking)...
         Starting Create Volatile Files and Directories...
         Starting Tell Plymouth To Write Out Runtime Data...
         Starting Commit a transient machine-id on disk...
         Starting Set console font and keymap...
         Starting LSB: AppArmor initialization...
[[0;32m  OK  [0m] Started Create Volatile Files and Directories.
[[0;32m  OK  [0m] Started Tell Plymouth To Write Out Runtime Data.
[[0;32m  OK  [0m] Started Commit a transient machine-id on disk.
         Starting Update UTMP about System Boot/Shutdown...
[[0;32m  OK  [0m] Started Update UTMP about System Boot/Shutdown.
[[0;32m  OK  [0m] Started Set console font and keymap.
[[0;32m  OK  [0m] Created slice system-getty.slice.
[[0;32m  OK  [0m] Started LSB: AppArmor initialization.
[    5.153680] cloud-init[588]: Cloud-init v. 18.4-0ubuntu1~16.04.2 running 'init-local' at Wed, 10 Jul 2019 02:20:05 +0000. Up 4.88 seconds.
[[0;32m  OK  [0m] Started Initial cloud-init job (pre-networking).
[[0;32m  OK  [0m] Reached target Network (Pre).
         Starting Raise network interfaces...
[[0;32m  OK  [0m] Started Raise network interfaces.
[[0;32m  OK  [0m] Reached target Network.
         Starting Initial cloud-init job (metadata service crawler)...
[    5.983168] cloud-init[931]: Cloud-init v. 18.4-0ubuntu1~16.04.2 running 'init' at Wed, 10 Jul 2019 02:20:06 +0000. Up 5.56 seconds.
[    5.984505] cloud-init[931]: ci-info: ++++++++++++++++++++++++++++++++++++++Net device info++++++++++++++++++++++++++++++++++++++
[    5.992626] cloud-init[931]: ci-info: +--------+------+----------------------------+---------------+--------+-------------------+
[    5.994090] cloud-init[931]: ci-info: | Device |  Up  |          Address           |      Mask     | Scope  |     Hw-Address    |
[    5.995339] cloud-init[931]: ci-info: +--------+------+----------------------------+---------------+--------+-------------------+
[    5.996836] cloud-init[931]: ci-info: | enp0s3 | True |         10.0.2.15          | 255.255.255.0 | global | 02:33:70:c2:c2:dc |
[    5.998776] cloud-init[931]: ci-info: | enp0s3 | True | fe80::33:70ff:fec2:c2dc/64 |       .       |  link  | 02:33:70:c2:c2:dc |
[    6.000733] cloud-init[931]: ci-info: |   lo   | True |         127.0.0.1          |   255.0.0.0   |  host  |         .         |
[    6.003130] cloud-init[931]: ci-info: |   lo   | True |          ::1/128           |       .       |  host  |         .         |
[    6.005549] cloud-init[931]: ci-info: +--------+------+----------------------------+---------------+--------+-------------------+
[    6.007972] cloud-init[931]: ci-info: +++++++++++++++++++++++++++Route IPv4 info++++++++++++++++++++++++++++
[    6.010090] cloud-init[931]: ci-info: +-------+-------------+----------+---------------+-----------+-------+
[    6.011652] cloud-init[931]: ci-info: | Route | Destination | Gateway  |    Genmask    | Interface | Flags |
[    6.020903] cloud-init[931]: ci-info: +-------+-------------+----------+---------------+-----------+-------+
[    6.022214] cloud-init[931]: ci-info: |   0   |   0.0.0.0   | 10.0.2.2 |    0.0.0.0    |   enp0s3  |   UG  |
[    6.023476] cloud-init[931]: ci-info: |   1   |   10.0.2.0  | 0.0.0.0  | 255.255.255.0 |   enp0s3  |   U   |
[    6.024731] cloud-init[931]: ci-info: +-------+-------------+----------+---------------+-----------+-------+
[    6.036861] [[0;32m  OK  [0m] Started Initial cloud-init job (metadata service crawler).
cloud-init[931]: ci-info: +++++++++++++++++++Route IPv6 info+++++++++++++++++++
[    6.038182] [cloud-init[0;32m  OK  [0m[931]: ] ci-info: +-------+-------------+---------+-----------+-------+Reached target Network is Online.

[    6.038858] cloud-init[931]: ci-info: | Route | Destination | Gateway | Interface | Flags |
[    6.046476] cloud-init[931]: ci-info: +-------+-------------+---------+-----------+-------+
[    6.047657] cloud-init[931]: ci-info: |   0   |  fe80::/64  |    ::   |   enp0s3  |   U   |
[    6.048928] cloud-init[931]: ci-info: |   3   |   ff00::/8  |    ::   |   enp0s3  |   U   |
[    6.056925] cloud-init[931]: ci-info: +-------+-------------+---------+-----------+-------+
[    6.064405]          Starting iSCSI initiator daemon (iscsid)...
[[0;32m  OK  [0m] Reached target Cloud-config availability.
cloud-init[931]: Generating public/private rsa key pair.
[    6.066855] [[0;32m  OK  [0m] Reached target System Initialization.
cloud-init[931]: Your identification has been saved in /etc/ssh/ssh_host_rsa_key.
[    6.072213] cloud-init[931]: Your public key has been saved in /etc/ssh/ssh_host_rsa_key.pub.
[    6.076578] cloud-init[931]: The key fingerprint is:
[    6.076768] cloud-init[931]: SHA256:j1vr7P2WzjAejxQrRM9OP0fLjkKV9/SWRYhPbYyZrZ8 root@ubuntu-xenial
         Starting LXD - unix socket.
[    6.076965] cloud-init[931]: The key's randomart image is:
[    6.085724] cloud-init[931]: +---[RSA 2048]----+
[    6.085947] cloud-init[931]: |             . O |
[    6.085979] cloud-init[931]: |            . * *|
[[0;32m  OK  [0m] Started ACPI Events Check.
[    6.086133] cloud-init[931]: |          .  o.+ |
[    6.088111] cloud-init[931]: |         . o oo.o|
[[0;32m  OK  [0m] Reached target Paths.
         [    6.088227] Starting Socket activation for snappy daemon.cloud-init
[931]: |        S . * .oB|
[    6.098297] cloud-init[931]: |         + + +.E*|
[    6.098556] [cloud-init[0;32m  OK  [0m[931]: ] |        . = B o=.|Listening on D-Bus System Message Bus Socket.

[[    6.098617] cloud-init[931]: |         + B B=o |
[    6.101142] cloud-init[931]: |        .o= ===. |
[    6.101898] cloud-init[931]: +----[SHA256]-----+
[0;32m  OK  [0m] Started Daily Cleanup of Temporary Directories.
[[    6.102189] cloud-init[931]: Generating public/private dsa key pair.
[    6.104974] cloud-init[931]: Your identification has been saved in /etc/ssh/ssh_host_dsa_key.
[    6.105811] cloud-init[931]: Your public key has been saved in /etc/ssh/ssh_host_dsa_key.pub.
[    6.106587] cloud-init[931]: The key fingerprint is:
[    6.107386] cloud-init[931]: SHA256:cprlMonPi+USmA3uF5NnmHaLgyi7a+A79xepLsoo5xo root@ubuntu-xenial
[    6.108636] cloud-init[931]: The key's randomart image is:
[    6.109399] cloud-init[931]: +---[DSA 1024]----+
[    6.109925] cloud-init[931]: |                 |
[    6.110597] cloud-init[931]: |                 |
[    6.111711] cloud-init[931]: |                 |
[    6.112923] cloud-init[931]: |  .              |
[    6.113865] cloud-init[931]: | . = +. S        |
[    6.114783] cloud-init[931]: |. + X.+@         |
[    6.115458] cloud-init[931]: |Eo o.OO.o        |
[    6.116441] cloud-init[931]: |*=+o=B.+         |
[    6.117114] cloud-init[931]: |X@*.==*.         |
[    6.117844] cloud-init[931]: +----[SHA256]-----+
[    6.118341] cloud-init[931]: Generating public/private ecdsa key pair.
[    6.118961] cloud-init[931]: Your identification has been saved in /etc/ssh/ssh_host_ecdsa_key.
[    6.119588] cloud-init[931]: Your public key has been saved in /etc/ssh/ssh_host_ecdsa_key.pub.
[    6.120627] cloud-init[931]: The key fingerprint is:
[    6.121272] cloud-init[931]: SHA256:v3GIBJBxs6vzp7mU86qTF1ZMw/QyMrNMR78rVzMKjU4 root@ubuntu-xenial
[    6.121890] cloud-init[931]: The key's randomart image is:
[    6.122506] cloud-init[931]: +---[ECDSA 256]---+
[    6.123098] cloud-init[931]: |    ooooo        |
[    6.123721] cloud-init[931]: |    .o ++o       |
[    6.124756] cloud-init[931]: |      Bo+.o      |
[    6.125373] cloud-init[931]: |     o Oo= .     |
[    6.125997] cloud-init[931]: |      +.E o +    |
[    6.126615] cloud-init[931]: |     .o= + = o   |
[    6.127240] cloud-init[931]: |    oo+.+ B .    |
[    6.127847] cloud-init[931]: |    o+.+.o +     |
[    6.128506] cloud-init[931]: |    .+*=. .      |
[    6.129170] cloud-init[931]: +----[SHA256]-----+
[    6.130466] cloud-init[931]: Generating public/private ed25519 key pair.
[    6.131279] cloud-init[931]: Your identification has been saved in /etc/ssh/ssh_host_ed25519_key.
[    6.131427] cloud-init[931]: Your public key has been saved in /etc/ssh/ssh_host_ed25519_key.pub.
[    6.132684] cloud-init[931]: The key fingerprint is:
[    6.133292] cloud-init[931]: SHA256:olAutFkN2vRzWlc5/QDmWabxaSB0bUs9bQnod9gWCtk root@ubuntu-xenial
[    6.133907] cloud-init[931]: The key's randomart image is:
[    6.134522] cloud-init[931]: +--[ED25519 256]--+
[    6.135398] cloud-init[931]: |    o    .o @*+.o|
[    6.135830] cloud-init[931]: |   + +     XoE*=+|
[    6.136680] cloud-init[931]: |  o + + o o =+B=o|
[    6.136806] cloud-init[931]: | . *   = . . =.+.|
[    6.137273] cloud-init[931]: |  = . o S   . o  |
[    6.137754] cloud-init[931]: |   o . .         |
[    6.138433] cloud-init[931]: |    .            |
[    6.139092] cloud-init[931]: |                 |
[    6.139894] cloud-init[931]: |                 |
[    6.140843] cloud-init[931]: +----[SHA256]-----+
[0;32m  OK  [0m] Started Daily apt download activities.
[[0;32m  OK  [0m] Listening on UUID daemon activation socket.
[[0;32m  OK  [0m] Started Daily apt upgrade and clean activities.
[[0;32m  OK  [0m] Reached target Timers.
[[0;32m  OK  [0m] Listening on ACPID Listen Socket.
[[0;32m  OK  [0m] Listening on LXD - unix socket.
[[0;32m  OK  [0m] Listening on Socket activation for snappy daemon.
[[0;32m  OK  [0m] Started iSCSI initiator daemon (iscsid).
         Starting Login to default iSCSI targets...
[[0;32m  OK  [0m] Reached target Sockets.
[[0;32m  OK  [0m] Reached target Basic System.
[[0;32m  OK  [0m] Started Deferred execution scheduler.
         Starting System Logging Service...
         Starting Virtualbox guest utils...
[[0;32m  OK  [0m] Started Regular background program processing daemon.
         Starting Pollinate to seed the pseudo random number generator...
[[0;32m  OK  [0m] Started D-Bus System Message Bus.
         Starting LXD - container startup/shutdown...
         Starting Accounts Service...
         Starting /etc/rc.local Compatibility...
[[0;32m  OK  [0m] Started FUSE filesystem for LXC.
         Starting Login Service...
         Starting LSB: Record successful boot for GRUB...
[[0;32m  OK  [0m] Started Unattended Upgrades Shutdown.
[[0;32m  OK  [0m] Started ACPI event daemon.
         Starting Snappy daemon...
         Starting LSB: MD monitoring daemon...
[[0;32m  OK  [0m] Started System Logging Service.
[[0;32m  OK  [0m] Started /etc/rc.local Compatibility.
[[0;32m  OK  [0m] Started LXD - container startup/shutdown.
[[0;32m  OK  [0m] Started Login to default iSCSI targets.
[[0;32m  OK  [0m] Started LSB: MD monitoring daemon.
[[0;32m  OK  [0m] Started LSB: Record successful boot for GRUB.
[[0;32m  OK  [0m] Started Login Service.
         Starting Authenticate and Authorize Users to Run Privileged Tasks...
[[0;32m  OK  [0m] Reached target Remote File Systems (Pre).
[[0;32m  OK  [0m] Reached target Remote File Systems.
         Starting Permit User Sessions...
         Starting LSB: daemon to balance interrupts for SMP systems...
         Starting LSB: automatic crash report generation...
         Starting LSB: Set the CPU Frequency Scaling governor to "ondemand"...
[[0;32m  OK  [0m] Started Virtualbox guest utils.
[[0;32m  OK  [0m] Started Permit User Sessions.
[[0;32m  OK  [0m] Started Authenticate and Authorize Users to Run Privileged Tasks.
[[0;32m  OK  [0m] Started Accounts Service.
[[0;32m  OK  [0m] Started Snappy daemon.
         Starting Wait until snapd is fully seeded...
         Starting Terminate Plymouth Boot Screen...
         Starting Hold until boot process finishes up...
[[0;32m  OK  [0m] Started LSB: daemon to balance interrupts for SMP systems.
[[0;32m  OK  [0m] Started LSB: automatic crash report generation.
[[0;32m  OK  [0m] Started LSB: Set the CPU Frequency Scaling governor to "ondemand".
[[0;32m  OK  [0m] Started Terminate Plymouth Boot Screen.
[[0;32m  OK  [0m] Started Hold until boot process finishes up.
         Starting Set console scheme...
[[0;32m  OK  [0m] Started Getty on tty1.
[[0;32m  OK  [0m] Started Serial Getty on ttyS0.
[[0;32m  OK  [0m] Reached target Login Prompts.
[[0;32m  OK  [0m] Started Set console scheme.
[[0;32m  OK  [0m] Started Pollinate to seed the pseudo random number generator.
         Starting OpenBSD Secure Shell server...
[[0;32m  OK  [0m] Started OpenBSD Secure Shell server.
[[0;32m  OK  [0m] Started Wait until snapd is fully seeded.
         Starting Apply the settings specified in cloud-config...
[[0;32m  OK  [0m] Reached target Multi-User System.
[[0;32m  OK  [0m] Reached target Graphical Interface.
         Starting Update UTMP about System Runlevel Changes...
[[0;32m  OK  [0m] Started Update UTMP about System Runlevel Changes.
[    8.279957] cloud-init[1254]: Generating locales (this might take a while)...
[    8.846109] cloud-init[1254]:   en_US.UTF-8... done
[    8.852581] cloud-init[1254]: Generation complete.
[    9.054443] cloud-init[1254]: Cloud-init v. 18.4-0ubuntu1~16.04.2 running 'modules:config' at Wed, 10 Jul 2019 02:20:09 +0000. Up 8.22 seconds.
[[0;32m  OK  [0m] Started Apply the settings specified in cloud-config.
         Starting Execute cloud user/final scripts...
ci-info: no authorized ssh keys fingerprints found for user ubuntu.
<14>Jul 10 02:20:10 ec2: 
<14>Jul 10 02:20:10 ec2: #############################################################
<14>Jul 10 02:20:10 ec2: -----BEGIN SSH HOST KEY FINGERPRINTS-----
<14>Jul 10 02:20:10 ec2: 1024 SHA256:cprlMonPi+USmA3uF5NnmHaLgyi7a+A79xepLsoo5xo root@ubuntu-xenial (DSA)
<14>Jul 10 02:20:10 ec2: 256 SHA256:v3GIBJBxs6vzp7mU86qTF1ZMw/QyMrNMR78rVzMKjU4 root@ubuntu-xenial (ECDSA)
<14>Jul 10 02:20:10 ec2: 256 SHA256:olAutFkN2vRzWlc5/QDmWabxaSB0bUs9bQnod9gWCtk root@ubuntu-xenial (ED25519)
<14>Jul 10 02:20:10 ec2: 2048 SHA256:j1vr7P2WzjAejxQrRM9OP0fLjkKV9/SWRYhPbYyZrZ8 root@ubuntu-xenial (RSA)
<14>Jul 10 02:20:10 ec2: -----END SSH HOST KEY FINGERPRINTS-----
<14>Jul 10 02:20:10 ec2: #############################################################
-----BEGIN SSH HOST KEY KEYS-----
ecdsa-sha2-nistp256 AAAAE2VjZHNhLXNoYTItbmlzdHAyNTYAAAAIbmlzdHAyNTYAAABBBETRTkeNptATf1KZmL5vXoIr9HNqisbUY0wiHntRPAznSnTnJqaCaUPmdjhii2C7a6Wa945wH+Hyzm1WiNCpHi0= root@ubuntu-xenial
ssh-ed25519 AAAAC3NzaC1lZDI1NTE5AAAAIEhrSEGJFZtpWjF061NhWx99WQYAbEB1jSs6pcuzfHRR root@ubuntu-xenial
ssh-rsa AAAAB3NzaC1yc2EAAAADAQABAAABAQDOteQsgq5SWJlY8na14Sk+ez44NkeGZLI0D1xMaCpURR3wr3zD9zA7skn5990rGL2kaCqyO+R5gCnFL4IdAsg7i1fgaIJF5R96V+XlEG+/g3dYnVG7dXFwxovFZatBKTl4yIgY0EzZzovwBLvvmsfACAcVNUUHkykJuxgYHoT6dTuLwvNeNRz7R0BASRp1UUW50Ru/lXYi4d3n3vrallKz06YZpjy3kX+Oz3xJCyFP9QzNIM3b5FLPmEyWo4NoU0XQO8C3uTyOv/eBgGxOALFMJjnCyNEgGNznSrdo4tmB1gsqYSuLX1hyJ7C0ai30BC3wJFY9qjabyX/DMk6lOL8H root@ubuntu-xenial
-----END SSH HOST KEY KEYS-----
[    9.383329] cloud-init[1296]: Cloud-init v. 18.4-0ubuntu1~16.04.2 running 'modules:final' at Wed, 10 Jul 2019 02:20:10 +0000. Up 9.27 seconds.
[    9.393189] cloud-init[1296]: ci-info: no authorized ssh keys fingerprints found for user ubuntu.
[    9.403435] cloud-init[1296]: Cloud-init v. 18.4-0ubuntu1~16.04.2 finished at Wed, 10 Jul 2019 02:20:10 +0000. Datasource DataSourceNoCloud [seed=/dev/sdb][dsmode=net].  Up 9.37 seconds
[[0;32m  OK  [0m] Started Execute cloud user/final scripts.
[[0;32m  OK  [0m] Reached target Cloud-init target.

Ubuntu 16.04.5 LTS ubuntu-xenial ttyS0

ubuntu-xenial login: 